Performing C SOURCE FILE Test CMAKE_HAVE_LIBC_PTHREAD failed with the following output:
Change Dir: /home/mariusz/C++/lab5/zaj5MyList_mySort_dlaStudentow/cmake-build-debug/CMakeFiles/CMakeTmp

Run Build Command(s):/usr/bin/make cmTC_ce85a/fast && /usr/bin/make  -f CMakeFiles/cmTC_ce85a.dir/build.make CMakeFiles/cmTC_ce85a.dir/build
make[1]: Wejście do katalogu '/home/mariusz/C++/lab5/zaj5MyList_mySort_dlaStudentow/cmake-build-debug/CMakeFiles/CMakeTmp'
Building C object CMakeFiles/cmTC_ce85a.dir/src.c.o
/usr/bin/cc   -DCMAKE_HAVE_LIBC_PTHREAD   -o CMakeFiles/cmTC_ce85a.dir/src.c.o   -c /home/mariusz/C++/lab5/zaj5MyList_mySort_dlaStudentow/cmake-build-debug/CMakeFiles/CMakeTmp/src.c
Linking C executable cmTC_ce85a
/home/mariusz/clion-2020.3.2/bin/cmake/linux/bin/cmake -E cmake_link_script CMakeFiles/cmTC_ce85a.dir/link.txt --verbose=1
/usr/bin/cc  -DCMAKE_HAVE_LIBC_PTHREAD    -rdynamic CMakeFiles/cmTC_ce85a.dir/src.c.o  -o cmTC_ce85a 
CMakeFiles/cmTC_ce85a.dir/src.c.o: In function `main':
src.c:(.text+0x3e): undefined reference to `pthread_create'
src.c:(.text+0x4a): undefined reference to `pthread_detach'
src.c:(.text+0x56): undefined reference to `pthread_cancel'
src.c:(.text+0x67): undefined reference to `pthread_join'
src.c:(.text+0x7b): undefined reference to `pthread_atfork'
collect2: error: ld returned 1 exit status
CMakeFiles/cmTC_ce85a.dir/build.make:106: recipe for target 'cmTC_ce85a' failed
make[1]: *** [cmTC_ce85a] Error 1
make[1]: Opuszczenie katalogu '/home/mariusz/C++/lab5/zaj5MyList_mySort_dlaStudentow/cmake-build-debug/CMakeFiles/CMakeTmp'
Makefile:141: recipe for target 'cmTC_ce85a/fast' failed
make: *** [cmTC_ce85a/fast] Error 2


Source file was:
#include <pthread.h>

void* test_func(void* data)
{
  return data;
}

int main(void)
{
  pthread_t thread;
  pthread_create(&thread, NULL, test_func, NULL);
  pthread_detach(thread);
  pthread_cancel(thread);
  pthread_join(thread, NULL);
  pthread_atfork(NULL, NULL, NULL);
  pthread_exit(NULL);

  return 0;
}

Determining if the function pthread_create exists in the pthreads failed with the following output:
Change Dir: /home/mariusz/C++/lab5/zaj5MyList_mySort_dlaStudentow/cmake-build-debug/CMakeFiles/CMakeTmp

Run Build Command(s):/usr/bin/make cmTC_751ce/fast && /usr/bin/make  -f CMakeFiles/cmTC_751ce.dir/build.make CMakeFiles/cmTC_751ce.dir/build
make[1]: Wejście do katalogu '/home/mariusz/C++/lab5/zaj5MyList_mySort_dlaStudentow/cmake-build-debug/CMakeFiles/CMakeTmp'
Building C object CMakeFiles/cmTC_751ce.dir/CheckFunctionExists.c.o
/usr/bin/cc   -DCHECK_FUNCTION_EXISTS=pthread_create   -o CMakeFiles/cmTC_751ce.dir/CheckFunctionExists.c.o   -c /home/mariusz/clion-2020.3.2/bin/cmake/linux/share/cmake-3.17/Modules/CheckFunctionExists.c
Linking C executable cmTC_751ce
/home/mariusz/clion-2020.3.2/bin/cmake/linux/bin/cmake -E cmake_link_script CMakeFiles/cmTC_751ce.dir/link.txt --verbose=1
/usr/bin/cc  -DCHECK_FUNCTION_EXISTS=pthread_create    -rdynamic CMakeFiles/cmTC_751ce.dir/CheckFunctionExists.c.o  -o cmTC_751ce  -lpthreads 
/usr/bin/ld: cannot find -lpthreads
collect2: error: ld returned 1 exit status
CMakeFiles/cmTC_751ce.dir/build.make:106: recipe for target 'cmTC_751ce' failed
make[1]: *** [cmTC_751ce] Error 1
make[1]: Opuszczenie katalogu '/home/mariusz/C++/lab5/zaj5MyList_mySort_dlaStudentow/cmake-build-debug/CMakeFiles/CMakeTmp'
Makefile:141: recipe for target 'cmTC_751ce/fast' failed
make: *** [cmTC_751ce/fast] Error 2



